<?xml version="1.0" encoding="UTF-8"?>
<testsuite name="TestSuite" time="67.026" tests="1" errors="0" skipped="0" failures="0">
  <properties>
    <property name="java.vendor" value="Oracle Corporation"/>
    <property name="JOB_NAME" value="DOTW-Selenium-Automation"/>
    <property name="sun.java.launcher" value="SUN_STANDARD"/>
    <property name="NUMBER_OF_PROCESSORS" value="4"/>
    <property name="sun.management.compiler" value="HotSpot 64-Bit Tiered Compilers"/>
    <property name="DEFLOGDIR" value="C:\ProgramData\McAfee\DesktopProtection"/>
    <property name="JENKINS_HOME" value="C:\Users\438816\.jenkins"/>
    <property name="HUDSON_SERVER_COOKIE" value="39ca72de85d68228"/>
    <property name="POM_ARTIFACTID" value="dotwautomation"/>
    <property name="os.name" value="Windows 10"/>
    <property name="sun.boot.class.path" value="C:\Program Files\Java\jdk1.8.0_121\jre\lib\resources.jar;C:\Program Files\Java\jdk1.8.0_121\jre\lib\rt.jar;C:\Program Files\Java\jdk1.8.0_121\jre\lib\sunrsasign.jar;C:\Program Files\Java\jdk1.8.0_121\jre\lib\jsse.jar;C:\Program Files\Java\jdk1.8.0_121\jre\lib\jce.jar;C:\Program Files\Java\jdk1.8.0_121\jre\lib\charsets.jar;C:\Program Files\Java\jdk1.8.0_121\jre\lib\jfr.jar;C:\Program Files\Java\jdk1.8.0_121\jre\classes"/>
    <property name="EXECUTOR_NUMBER" value="0"/>
    <property name="sun.desktop" value="windows"/>
    <property name="PATHEXT" value=".COM;.EXE;.BAT;.CMD;.VBS;.VBE;.JS;.JSE;.WSF;.WSH;.MSC"/>
    <property name="java.vm.specification.vendor" value="Oracle Corporation"/>
    <property name="POM_DISPLAYNAME" value="Automation testing"/>
    <property name="NODE_LABELS" value="master"/>
    <property name="TEMP" value="C:\Users\438816\AppData\Local\Temp"/>
    <property name="java.runtime.version" value="1.8.0_121-b13"/>
    <property name="user.name" value="438816"/>
    <property name="guice.disable.misplaced.annotation.check" value="true"/>
    <property name="CommonProgramW6432" value="C:\Program Files\Common Files"/>
    <property name="ProgramFiles" value="C:\Program Files"/>
    <property name="PROMPT" value="$P$G"/>
    <property name="user.language" value="en"/>
    <property name="JOB_BASE_NAME" value="DOTW-Selenium-Automation"/>
    <property name="RUN_CHANGES_DISPLAY_URL" value="http://unconfigured-jenkins-location/job/DOTW-Selenium-Automation/13/display/redirect?page=changes"/>
    <property name="M2" value="D:\Puja\Maven\apache-maven-3.5.0\bin"/>
    <property name="BUILD_DISPLAY_NAME" value="#13"/>
    <property name="OneDrive" value="C:\Users\438816\OneDrive"/>
    <property name="sun.boot.library.path" value="C:\Program Files\Java\jdk1.8.0_121\jre\bin"/>
    <property name="GIT_PREVIOUS_SUCCESSFUL_COMMIT" value="de65d440b0018b348b9283dd20d55b45aa7bfc02"/>
    <property name="LOCALAPPDATA" value="C:\Users\438816\AppData\Local"/>
    <property name="java.version" value="1.8.0_121"/>
    <property name="PROCESSOR_LEVEL" value="6"/>
    <property name="user.timezone" value="Asia/Calcutta"/>
    <property name="USERNAME" value="438816"/>
    <property name="sun.arch.data.model" value="64"/>
    <property name="NODE_NAME" value="master"/>
    <property name="java.endorsed.dirs" value="C:\Program Files\Java\jdk1.8.0_121\jre\lib\endorsed"/>
    <property name="BUILD_ID" value="13"/>
    <property name="sun.cpu.isalist" value="amd64"/>
    <property name="sun.jnu.encoding" value="Cp1252"/>
    <property name="file.encoding.pkg" value="sun.io"/>
    <property name="file.separator" value="\"/>
    <property name="java.specification.name" value="Java Platform API Specification"/>
    <property name="HOMEDRIVE" value="C:"/>
    <property name="maven.conf" value="D:\Puja\Maven\apache-maven-3.5.0\conf"/>
    <property name="java.class.version" value="52.0"/>
    <property name="=::" value="::\"/>
    <property name="org.slf4j.simpleLogger.defaultLogLevel" value="info"/>
    <property name="user.country" value="US"/>
    <property name="ALLUSERSPROFILE" value="C:\ProgramData"/>
    <property name="java.home" value="C:\Program Files\Java\jdk1.8.0_121\jre"/>
    <property name="java.vm.info" value="mixed mode"/>
    <property name="os.version" value="10.0"/>
    <property name="RUN_DISPLAY_URL" value="http://unconfigured-jenkins-location/job/DOTW-Selenium-Automation/13/display/redirect"/>
    <property name="POM_VERSION" value="0.0.1-SNAPSHOT"/>
    <property name="TMP" value="C:\Users\438816\AppData\Local\Temp"/>
    <property name="path.separator" value=";"/>
    <property name="java.vm.version" value="25.121-b13"/>
    <property name="user.variant" value=""/>
    <property name="GIT_PREVIOUS_COMMIT" value="de65d440b0018b348b9283dd20d55b45aa7bfc02"/>
    <property name="JOB_DISPLAY_URL" value="http://unconfigured-jenkins-location/job/DOTW-Selenium-Automation/display/redirect"/>
    <property name="CommonProgramFiles(x86)" value="C:\Program Files (x86)\Common Files"/>
    <property name="USERDOMAIN_ROAMINGPROFILE" value="CTS"/>
    <property name="java.awt.printerjob" value="sun.awt.windows.WPrinterJob"/>
    <property name="JAVA_HOME" value="C:\Program Files\Java\jdk1.8.0_121"/>
    <property name="sun.io.unicode.encoding" value="UnicodeLittle"/>
    <property name="CommonProgramFiles" value="C:\Program Files\Common Files"/>
    <property name="ComSpec" value="C:\WINDOWS\system32\cmd.exe"/>
    <property name="awt.toolkit" value="sun.awt.windows.WToolkit"/>
    <property name="HOMEPATH" value="\Users\438816"/>
    <property name="USERDNSDOMAIN" value="CTS.COM"/>
    <property name="POM_PACKAGING" value="jar"/>
    <property name="user.script" value=""/>
    <property name="COMPUTERNAME" value="PC235407"/>
    <property name="POM_GROUPID" value="com.dotw"/>
    <property name="user.home" value="C:\Users\438816"/>
    <property name="PUBLIC" value="C:\Users\Public"/>
    <property name="BUILD_TAG" value="jenkins-DOTW-Selenium-Automation-13"/>
    <property name="JENKINS_SERVER_COOKIE" value="39ca72de85d68228"/>
    <property name="ProgramData" value="C:\ProgramData"/>
    <property name="java.specification.vendor" value="Oracle Corporation"/>
    <property name="USERPROFILE" value="C:\Users\438816"/>
    <property name="CLASSPATH" value=""/>
    <property name="java.vendor.url" value="http://java.oracle.com/"/>
    <property name="java.library.path" value="C:\Program Files\Java\jdk1.8.0_121\bin;C:\WINDOWS\Sun\Java\bin;C:\WINDOWS\system32;C:\WINDOWS;D:\Puja\Maven\apache-maven-3.5.0/bin;C:\Program Files\Java\jdk1.8.0_121/bin;C:\Program Files\Java\jdk1.8.0_121/bin;C:\WINDOWS\system32;C:\WINDOWS;C:\WINDOWS\System32\Wbem;C:\WINDOWS\System32\WindowsPowerShell\v1.0\;C:\Program Files\Java\jdk1.8.0_121\bin;D:\Puja\Maven\apache-maven-3.5.0\bin;D:\Puja\Maven\apache-maven-3.5.0\bin;D:\Nextgen_proj\GIT bash\cmd;C:\Users\438816\AppData\Local\Microsoft\WindowsApps;;."/>
    <property name="java.vm.vendor" value="Oracle Corporation"/>
    <property name="APPDATA" value="C:\Users\438816\AppData\Roaming"/>
    <property name="java.runtime.name" value="Java(TM) SE Runtime Environment"/>
    <property name="maven.home" value="D:\Puja\Maven\apache-maven-3.5.0"/>
    <property name="java.class.path" value="C:\Users\438816\.jenkins\plugins\maven-plugin\WEB-INF\lib\maven35-agent-1.12-alpha-1.jar;D:\Puja\Maven\apache-maven-3.5.0\boot\plexus-classworlds-2.5.2.jar;D:\Puja\Maven\apache-maven-3.5.0/conf/logging"/>
    <property name="sun.java.command" value="jenkins.maven3.agent.Maven35Main D:\Puja\Maven\apache-maven-3.5.0 C:\Users\438816\.jenkins\war\WEB-INF\lib\remoting-3.14.jar C:\Users\438816\.jenkins\plugins\maven-plugin\WEB-INF\lib\maven35-interceptor-1.12-alpha-1.jar C:\Users\438816\.jenkins\plugins\maven-plugin\WEB-INF\lib\maven3-interceptor-commons-1.12-alpha-1.jar 60728"/>
    <property name="Path" value="C:\Program Files\Java\jdk1.8.0_121/bin;C:\WINDOWS\system32;C:\WINDOWS;C:\WINDOWS\System32\Wbem;C:\WINDOWS\System32\WindowsPowerShell\v1.0\;C:\Program Files\Java\jdk1.8.0_121\bin;D:\Puja\Maven\apache-maven-3.5.0\bin;D:\Puja\Maven\apache-maven-3.5.0\bin;D:\Nextgen_proj\GIT bash\cmd;C:\Users\438816\AppData\Local\Microsoft\WindowsApps;"/>
    <property name="java.vm.specification.name" value="Java Virtual Machine Specification"/>
    <property name="PROCESSOR_ARCHITECTURE" value="AMD64"/>
    <property name="PATH+JDK" value="C:\Program Files\Java\jdk1.8.0_121/bin"/>
    <property name="PROCESSOR_IDENTIFIER" value="Intel64 Family 6 Model 42 Stepping 7, GenuineIntel"/>
    <property name="SESSIONNAME" value="Console"/>
    <property name="java.vm.specification.version" value="1.8"/>
    <property name="sun.os.patch.level" value=""/>
    <property name="sun.cpu.endian" value="little"/>
    <property name="M2_HOME" value="D:\Puja\Maven\apache-maven-3.5.0"/>
    <property name="=D:" value="D:\Puja\Jenkins"/>
    <property name="java.io.tmpdir" value="C:\Users\438816\AppData\Local\Temp\"/>
    <property name="OS" value="Windows_NT"/>
    <property name="HUDSON_HOME" value="C:\Users\438816\.jenkins"/>
    <property name="PATH+MAVEN" value="D:\Puja\Maven\apache-maven-3.5.0/bin"/>
    <property name="ProgramFiles(x86)" value="C:\Program Files (x86)"/>
    <property name="java.vendor.url.bug" value="http://bugreport.sun.com/bugreport/"/>
    <property name="java.awt.graphicsenv" value="sun.awt.Win32GraphicsEnvironment"/>
    <property name="os.arch" value="amd64"/>
    <property name="SystemRoot" value="C:\WINDOWS"/>
    <property name="VSEDEFLOGDIR" value="C:\ProgramData\McAfee\DesktopProtection"/>
    <property name="java.ext.dirs" value="C:\Program Files\Java\jdk1.8.0_121\jre\lib\ext;C:\WINDOWS\Sun\Java\lib\ext"/>
    <property name="user.dir" value="D:\NewWorkSpace_Eclipse\dotwautomation"/>
    <property name="LOGONSERVER" value="\\CTSINCALVADB"/>
    <property name="USERDOMAIN" value="CTS"/>
    <property name="line.separator" value="&#10;"/>
    <property name="MAVEN_HOME" value="D:\Puja\Maven\apache-maven-3.5.0"/>
    <property name="java.vm.name" value="Java HotSpot(TM) 64-Bit Server VM"/>
    <property name="BUILD_NUMBER" value="13"/>
    <property name="PROCESSOR_REVISION" value="2a07"/>
    <property name="GIT_BRANCH" value="origin/master"/>
    <property name="UATDATA" value="C:\WINDOWS\CCM\UATData\D9F8C395-CAB8-491d-B8AC-179A1FE1BE77"/>
    <property name="ProgramW6432" value="C:\Program Files"/>
    <property name="windir" value="C:\WINDOWS"/>
    <property name="GIT_COMMIT" value="de65d440b0018b348b9283dd20d55b45aa7bfc02"/>
    <property name="file.encoding" value="Cp1252"/>
    <property name="SystemDrive" value="C:"/>
    <property name="maven3.interceptor" value="C:\Users\438816\.jenkins\plugins\maven-plugin\WEB-INF\lib\maven35-interceptor-1.12-alpha-1.jar"/>
    <property name="WORKSPACE" value="C:\Users\438816\.jenkins\workspace\DOTW-Selenium-Automation"/>
    <property name="maven3.interceptor.common" value="C:\Users\438816\.jenkins\plugins\maven-plugin\WEB-INF\lib\maven3-interceptor-commons-1.12-alpha-1.jar"/>
    <property name="java.specification.version" value="1.8"/>
    <property name="PSModulePath" value="C:\Program Files\WindowsPowerShell\Modules;C:\WINDOWS\system32\WindowsPowerShell\v1.0\Modules"/>
    <property name="GIT_URL" value="https://github.com/Puja-Jha/automation-selenium-test.git"/>
  </properties>
  <testcase name="pushrate" classname="automationFramework.Accomodation_Filterrates_Inactivaterate" time="67.026"/>
</testsuite>