<?xml version="1.0" encoding="UTF-8"?>
<!-- Generated by org.testng.reporters.JUnitReportReporter -->
<testsuite hostname="PC235407" name="automationFramework.Accomodation_Filterrates_Inactivaterate" tests="1" failures="0" timestamp="23 Nov 2017 14:16:50 GMT" time="70.878" errors="0">
  <testcase name="pushrate" time="70.878" classname="automationFramework.Accomodation_Filterrates_Inactivaterate"/>
</testsuite> <!-- automationFramework.Accomodation_Filterrates_Inactivaterate -->
