<?xml version="1.0" encoding="UTF-8"?>
<!-- Generated by org.testng.reporters.JUnitReportReporter -->
<testsuite hostname="PC235407" name="automationFramework.Accomodation_Filterrates_Inactivaterate" tests="1" failures="0" timestamp="22 Nov 2017 12:13:16 GMT" time="68.044" errors="0">
  <testcase name="pushrate" time="68.044" classname="automationFramework.Accomodation_Filterrates_Inactivaterate"/>
</testsuite> <!-- automationFramework.Accomodation_Filterrates_Inactivaterate -->
