<?xml version="1.0" encoding="UTF-8"?>
<!-- Generated by org.testng.reporters.JUnitReportReporter -->
<testsuite hostname="PC235407" name="automationFramework.Accomodation_Filterrates_Inactivaterate" tests="1" failures="0" timestamp="22 Nov 2017 13:55:49 GMT" time="67.030" errors="0">
  <testcase name="pushrate" time="67.030" classname="automationFramework.Accomodation_Filterrates_Inactivaterate"/>
</testsuite> <!-- automationFramework.Accomodation_Filterrates_Inactivaterate -->
